<?xml version="1.0" encoding="UTF-8"?>
<!-- Generated by org.testng.reporters.JUnitReportReporter -->
<testsuite skipped="0" hostname="f0fbe5aca336" name="com.searchmodude.tests.SearchTest" tests="4" failures="0" timestamp="2022-01-15T17:45:08 GMT" time="17.798" errors="0">
  <testcase name="search" time="3.635" classname="com.searchmodude.tests.SearchTest"/>
  <system-out/>
  <testcase name="search" time="3.707" classname="com.searchmodude.tests.SearchTest"/>
  <system-out/>
  <testcase name="search" time="6.856" classname="com.searchmodude.tests.SearchTest"/>
  <system-out/>
  <testcase name="search" time="3.600" classname="com.searchmodude.tests.SearchTest"/>
  <system-out/>
</testsuite> <!-- com.searchmodude.tests.SearchTest -->
